[INFO] Scanning for projects...
[INFO] 
[INFO] -------------------------< ma.fst:springbash >--------------------------
[INFO] Building  0.0.1-SNAPSHOT
[INFO]   from pom.xml
[INFO] --------------------------------[ jar ]---------------------------------
[INFO] 
[INFO] >>> spring-boot:4.0.5:run (default-cli) > test-compile @ springbash >>>
[INFO] 
[INFO] --- resources:3.3.1:resources (default-resources) @ springbash ---
[INFO] Copying 1 resource from src\main\resources to target\classes
[INFO] Copying 0 resource from src\main\resources to target\classes
[INFO] 
[INFO] --- compiler:3.14.1:compile (default-compile) @ springbash ---
[INFO] Nothing to compile - all classes are up to date.
[INFO] 
[INFO] --- resources:3.3.1:testResources (default-testResources) @ springbash ---
[INFO] skip non existing resourceDirectory C:\Users\HP\Downloads\springbash\src\test\resources
[INFO] 
[INFO] --- compiler:3.14.1:testCompile (default-testCompile) @ springbash ---
[INFO] Nothing to compile - all classes are up to date.
[INFO] 
[INFO] <<< spring-boot:4.0.5:run (default-cli) < test-compile @ springbash <<<
[INFO] 
[INFO] 
[INFO] --- spring-boot:4.0.5:run (default-cli) @ springbash ---
[INFO] Attaching agents: []

  .   ____          _            __ _ _
 /\\ / ___'_ __ _ _(_)_ __  __ _ \ \ \ \
( ( )\___ | '_ | '_| | '_ \/ _` | \ \ \ \
 \\/  ___)| |_)| | | | | || (_| |  ) ) ) )
  '  |____| .__|_| |_|_| |_\__, | / / / /
 =========|_|==============|___/=/_/_/_/

 :: Spring Boot ::                (v4.0.5)

2026-03-29T03:52:31.035+02:00  INFO 10728 --- [springbash] [           main] m.fst.springbash.SpringbashApplication   : Starting SpringbashApplication using Java 17.0.18 with PID 10728 (C:\Users\HP\Downloads\springbash\target\classes started by HP in C:\Users\HP\Downloads\springbash)
2026-03-29T03:52:31.043+02:00  INFO 10728 --- [springbash] [           main] m.fst.springbash.SpringbashApplication   : No active profile set, falling back to 1 default profile: "default"
2026-03-29T03:52:33.427+02:00  INFO 10728 --- [springbash] [           main] .s.d.r.c.RepositoryConfigurationDelegate : Bootstrapping Spring Data JPA repositories in DEFAULT mode.
2026-03-29T03:52:33.488+02:00  INFO 10728 --- [springbash] [           main] .s.d.r.c.RepositoryConfigurationDelegate : Finished Spring Data repository scanning in 32 ms. Found 0 JPA repository interfaces.
2026-03-29T03:52:35.869+02:00  INFO 10728 --- [springbash] [           main] o.s.boot.tomcat.TomcatWebServer          : Tomcat initialized with port 8085 (http)
2026-03-29T03:52:35.917+02:00  INFO 10728 --- [springbash] [           main] o.apache.catalina.core.StandardService   : Starting service [Tomcat]
2026-03-29T03:52:35.918+02:00  INFO 10728 --- [springbash] [           main] o.apache.catalina.core.StandardEngine    : Starting Servlet engine: [Apache Tomcat/11.0.20]
2026-03-29T03:52:36.104+02:00  INFO 10728 --- [springbash] [           main] b.w.c.s.WebApplicationContextInitializer : Root WebApplicationContext: initialization completed in 4981 ms
2026-03-29T03:52:36.650+02:00  INFO 10728 --- [springbash] [           main] org.hibernate.orm.jpa                    : HHH008540: Processing PersistenceUnitInfo [name: default]
2026-03-29T03:52:36.735+02:00  INFO 10728 --- [springbash] [           main] org.hibernate.orm.core                   : HHH000001: Hibernate ORM core version 7.2.7.Final
2026-03-29T03:52:37.794+02:00  INFO 10728 --- [springbash] [           main] o.s.o.j.p.SpringPersistenceUnitInfo      : No LoadTimeWeaver setup: ignoring JPA class transformer
2026-03-29T03:52:37.847+02:00  INFO 10728 --- [springbash] [           main] com.zaxxer.hikari.HikariDataSource       : HikariPool-1 - Starting...
2026-03-29T03:52:38.117+02:00  INFO 10728 --- [springbash] [           main] com.zaxxer.hikari.pool.HikariPool        : HikariPool-1 - Added connection conn0: url=jdbc:h2:mem:testdb user=SA
2026-03-29T03:52:38.121+02:00  INFO 10728 --- [springbash] [           main] com.zaxxer.hikari.HikariDataSource       : HikariPool-1 - Start completed.
2026-03-29T03:52:38.223+02:00  INFO 10728 --- [springbash] [           main] org.hibernate.orm.connections.pooling    : HHH10001005: Database info:
	Database JDBC URL [jdbc:h2:mem:testdb]
	Database driver: H2 JDBC Driver
	Database dialect: H2Dialect
	Database version: 2.4.240
	Default catalog/schema: TESTDB/PUBLIC
	Autocommit mode: undefined/unknown
	Isolation level: READ_COMMITTED [default READ_COMMITTED]
	JDBC fetch size: 100
	Pool: DataSourceConnectionProvider
	Minimum pool size: undefined/unknown
	Maximum pool size: undefined/unknown
2026-03-29T03:52:39.087+02:00  INFO 10728 --- [springbash] [           main] org.hibernate.orm.core                   : HHH000489: No JTA platform available (set 'hibernate.transaction.jta.platform' to enable JTA platform integration)
2026-03-29T03:52:39.106+02:00  INFO 10728 --- [springbash] [           main] j.LocalContainerEntityManagerFactoryBean : Initialized JPA EntityManagerFactory for persistence unit 'default'
2026-03-29T03:52:39.176+02:00  WARN 10728 --- [springbash] [           main] JpaBaseConfiguration$JpaWebConfiguration : spring.jpa.open-in-view is enabled by default. Therefore, database queries may be performed during view rendering. Explicitly configure spring.jpa.open-in-view to disable this warning
2026-03-29T03:52:39.979+02:00  INFO 10728 --- [springbash] [           main] o.s.b.a.e.web.EndpointLinksResolver      : Exposing 12 endpoints beneath base path '/actuator'
2026-03-29T03:52:40.122+02:00  INFO 10728 --- [springbash] [           main] o.s.boot.tomcat.TomcatWebServer          : Tomcat started on port 8085 (http) with context path '/'
2026-03-29T03:52:40.137+02:00  INFO 10728 --- [springbash] [           main] m.fst.springbash.SpringbashApplication   : Started SpringbashApplication in 9.822 seconds (process running for 10.681)
2026-03-29T03:52:40.363+02:00  INFO 10728 --- [springbash] [nio-8085-exec-3] o.a.c.c.C.[Tomcat].[localhost].[/]       : Initializing Spring DispatcherServlet 'dispatcherServlet'
2026-03-29T03:52:40.364+02:00  INFO 10728 --- [springbash] [nio-8085-exec-3] o.s.web.servlet.DispatcherServlet        : Initializing Servlet 'dispatcherServlet'
2026-03-29T03:52:40.366+02:00  INFO 10728 --- [springbash] [nio-8085-exec-3] o.s.web.servlet.DispatcherServlet        : Completed initialization in 1 ms
